00036f9c: 3c028014 lui r2,0x8014		void updateforces()
00036fa0: 8c42d5c8 lw r2,-0x2a38(r2)	{
00036fa4: 27bdffc8 addiu r29,r29,0xffc8
00036fa8: afb3002c sw r19,0x002c(r29)
00036fac: 00009821 addu r19,r0,r0
00036fb0: afbf0034 sw r31,0x0034(r29)
00036fb4: afb40030 sw r20,0x0030(r29)
00036fb8: afb20028 sw r18,0x0028(r29)
00036fbc: afb10024 sw r17,0x0024(r29)
00036fc0: 184000f9 blez r2,0x000373a8
00036fc4: afb00020 sw r16,0x0020(r29)
00036fc8: 34148000 ori r20,r0,0x8000
00036fcc: 00131080 sll r2,r19,0x02

0x00036fd0: 3c018014 lui r1,0x8014			foreach(entity in entities)
00036fd4: 00220821 addu r1,r1,r2			{
00036fd8: 8c309df8 lw r16,-0x6208(r1)
00036fdc: 3c02801b lui r2,0x801b
00036fe0: 2442c498 addiu r2,r2,0xc498
00036fe4: 1602009d bne r16,r2,0x0003725c		if (entity == player)
00036fe8: 00000000 nop							{
00036fec: 3c03801b lui r3,0x801b
00036ff0: 8c63c590 lw r3,-0x3a70(r3)				
00036ff4: 00000000 nop
00036ff8: 1060001d beq r3,r0,0x00037070				if ( player.appliedzforce != 0)
00036ffc: 00000000 nop								{
00037000: 3c02801b lui r2,0x801b
00037004: 8c42c504 lw r2,-0x3afc(r2)					
00037008: 00000000 nop
0003700c: 30420100 andi r2,r2,0x0100
00037010: 10400012 beq r2,r0,0x0003705c					if ( player[6c] & 0x0100 != 0 
00037014: 00000000 nop									
00037018: 3c02801b lui r2,0x801b
0003701c: 8c42c618 lw r2,-0x39e8(r2)						
00037020: 00000000 nop
00037024: 30420010 andi r2,r2,0x0010
00037028: 1040000c beq r2,r0,0x0003705c						&& player[180] & 0x0010 != 0
0003702c: 00000000 nop										
00037030: 3c02801e lui r2,0x801e
00037034: 8c4284e0 lw r2,-0x7b20(r2)							
00037038: 00000000 nop
0003703c: 1c400007 bgtz r2,0x0003705c						&& *1d84e0 <= 0 )
00037040: 00031080 sll r2,r3,0x02							{
00037044: 00431021 addu r2,r2,r3								r2 = player.appliedzforce << 2 + player.appliedzforce
00037048: 00021140 sll r2,r2,0x05								r2 = r2 << 5
0003704c: 3c01801b lui r1,0x801b
00037050: ac22c550 sw r2,-0x3ab0(r1)							player.zforce = r2
00037054: 0800dc36 j 0x000370d8
00037058: 00000000 nop									}
														else
0x0003705c: 8e0200f8 lw r2,0x00f8(r16)					{
00037060: 00000000 nop										
00037064: 00021200 sll r2,r2,0x08							
00037068: 0800dc36 j 0x000370d8								player.zforce = player.appliedzforce << 8
0003706c: ae0200b8 sw r2,0x00b8(r16)					}
													}
													else
0x00037070: 3c02801b lui r2,0x801b					{
00037074: 8c42c504 lw r2,-0x3afc(r2)					
00037078: 00000000 nop
0003707c: 30420100 andi r2,r2,0x0100
00037080: 10400015 beq r2,r0,0x000370d8					if ( player[6c] & 0x0100 != 0 )
00037084: 00000000 nop									{
00037088: 3c04801f lui r4,0x801f
0003708c: 8c84fe10 lw r4,-0x01f0(r4)						
00037090: 00000000 nop
00037094: 94820004 lhu r2,0x0004(r4)						r2 = map[4] //gravity
00037098: 3c03801b lui r3,0x801b
0003709c: 8c63c550 lw r3,-0x3ab0(r3)						r3 = player.zforce //z force
000370a0: 00021200 sll r2,r2,0x08							r2 = r2 << 8
000370a4: 00621823 subu r3,r3,r2							r3 = r3 - r2		//subtract gravity from zforce
000370a8: 94820006 lhu r2,0x0006(r4)						r2 = map[6] //terminal velocity
000370ac: 04610002 bgez r3,0x000370b8						r4 = r3
000370b0: 00602021 addu r4,r3,r0							if (r3 < 0) {  //abs
000370b4: 00042023 subu r4,r0,r4								r4 = -r4
															}
0x000370b8: 00022a00 sll r5,r2,0x08							r5 = r2 << 8
000370bc: 00a4102a slt r2,r5,r4								if (r5 < r4)  //if zforce greater than terminal velocity
000370c0: 10400004 beq r2,r0,0x000370d4						{
000370c4: 00000000 nop											r3 = r5
000370c8: 1c600002 bgtz r3,0x000370d4							if (r3 <= 0) //if zforce less than 0
000370cc: 00a01821 addu r3,r5,r0								{
000370d0: 00051823 subu r3,r0,r5									r3 = -5
																}
															}
0x000370d4: ae0300b8 sw r3,0x00b8(r16)						player.zforce = r3
														}
													}
0x000370d8: 3c04801b lui r4,0x801b					
000370dc: 2484c498 addiu r4,r4,0xc498
000370e0: 0c00db69 jal 0x00036da4					setxyforces(player)
000370e4: 00000000 nop
000370e8: 3c02801b lui r2,0x801b
000370ec: 8c42c618 lw r2,-0x39e8(r2)				
000370f0: 00000000 nop
000370f4: 30420020 andi r2,r2,0x0020
000370f8: 1040001a beq r2,r0,0x00037164				if (player[180] & 0x0020  != 0)
000370fc: 24031000 addiu r3,r0,0x1000				{
00037100: 3c02801b lui r2,0x801b
00037104: 8c42c56c lw r2,-0x3a94(r2)					
00037108: 00000000 nop
0003710c: 00430019 multu r2,r3							r11,r10  = player.xforcestep * 0x1000
00037110: 00005810 mfhi r11
00037114: 00005012 mflo r10
00037118: 3c02801b lui r2,0x801b
0003711c: 8c42c570 lw r2,-0x3a90(r2)
00037120: 00000000 nop
00037124: 00430019 multu r2,r3
00037128: afaa0018 sw r10,0x0018(r29)					push r10,r11
0003712c: afab001c sw r11,0x001c(r29)
00037130: 000a1402 srl r2,r10,0x10						r2 = r10 >> 16
00037134: 000b3400 sll r6,r11,0x10						r6 = r11 << 16
00037138: 00461025 or r2,r2,r6							r2 |= r6
0003713c: 000b1c03 sra r3,r11,0x10						r3 = rll >> 16
00037140: 00404021 addu r8,r2,r0						xforcestep = r2
00037144: 00002810 mfhi r5								r5,r4 = player.yforcestep * 0x1000
00037148: 00002012 mflo r4
0003714c: 00041402 srl r2,r4,0x10						r2 = r4 >> 16
00037150: 00053400 sll r6,r5,0x10						r6 = r5 << 16
00037154: 00461025 or r2,r2,r6							r2 |= r6
00037158: 00051c03 sra r3,r5,0x10						r3 = r5 >> 16
0003715c: 0800dc5d j 0x00037174			
00037160: 00409021 addu r18,r2,r0						yforcestep = r2
													}
0x00037164: 3c08801b lui r8,0x801b					else {
00037168: 8d08c56c lw r8,-0x3a94(r8)					xforcestep = player.xforcestep
0003716c: 3c12801b lui r18,0x801b						
00037170: 8e52c570 lw r18,-0x3a90(r18)					yforcestep = player.yforcestep
													}
0x00037174: 3c02801b lui r2,0x801b
00037178: 8c42c618 lw r2,-0x39e8(r2)
0003717c: 00000000 nop
00037180: 30420008 andi r2,r2,0x0008
00037184: 1040001f beq r2,r0,0x00037204				if (player[180] & 0x0008 != 0
00037188: 00000000 nop								
0003718c: 3c02801e lui r2,0x801e
00037190: 8c4284e0 lw r2,-0x7b20(r2)
00037194: 00000000 nop
00037198: 1c40001a bgtz r2,0x00037204						&& *1d84e0 <= 0 )
0003719c: 00000000 nop								{
000371a0: 3c02801b lui r2,0x801b
000371a4: 8c42c554 lw r2,-0x3aac(r2)					
000371a8: 00000000 nop
000371ac: 00540018 mult r2,r20
000371b0: 00005810 mfhi r11								r11,r10 = player.targetxforce * 0x8000
000371b4: 00005012 mflo r10
000371b8: 3c02801b lui r2,0x801b
000371bc: 8c42c558 lw r2,-0x3aa8(r2)					
000371c0: 00000000 nop
000371c4: 00540018 mult r2,r20
000371c8: afaa0018 sw r10,0x0018(r29)					push r10,r11
000371cc: afab001c sw r11,0x001c(r29)
000371d0: 000a1402 srl r2,r10,0x10						r2 = r10 >> 16
000371d4: 000b3400 sll r6,r11,0x10						r6 = r11 << 16
000371d8: 00461025 or r2,r2,r6							r2 |= r6
000371dc: 000b1c03 sra r3,r11,0x10						r3 = r11 >> 16
000371e0: 00403821 addu r7,r2,r0						targetxforce = r2
000371e4: 00002810 mfhi r5								r5,r4 = player.targetyforce * 0x8000
000371e8: 00002012 mflo r4
000371ec: 00041402 srl r2,r4,0x10						r2 = r4 >> 16
000371f0: 00053400 sll r6,r5,0x10						r6 = r5 << 16
000371f4: 00461025 or r2,r2,r6							r2 |= r6
000371f8: 00051c03 sra r3,r5,0x10						r3 = r5 >> 16
000371fc: 0800dc85 j 0x00037214							targetyforce = r2
00037200: 00408821 addu r17,r2,r0					}
													else
0x00037204: 3c07801b lui r7,0x801b					{
00037208: 8ce7c554 lw r7,-0x3aac(r7)					targetxforce = player.targetxforce
0003720c: 3c11801b lui r17,0x801b
00037210: 8e31c558 lw r17,-0x3aa8(r17)					targetyforce = player.targetyforce
													}
0x00037214: 00e02821 addu r5,r7,r0					
00037218: 3c04801b lui r4,0x801b
0003721c: 8c84c55c lw r4,-0x3aa4(r4)				
00037220: 0c00dbd9 jal 0x00036f64					player.xforce = incrementforce(player.xforce, targetxforce, xforcestep)
00037224: 01003021 addu r6,r8,r0					
00037228: 02202821 addu r5,r17,r0					
0003722c: 3c04801b lui r4,0x801b
00037230: 8c84c560 lw r4,-0x3aa0(r4)				
00037234: 3c01801b lui r1,0x801b
00037238: ac22c55c sw r2,-0x3aa4(r1)				
0003723c: 0c00dbd9 jal 0x00036f64					player.yforce = incrementforce(player.yforce, targetyforce, yforcestep)
00037240: 02403021 addu r6,r18,r0
00037244: 3c04801b lui r4,0x801b
00037248: 2484c498 addiu r4,r4,0xc498				
0003724c: 3c01801b lui r1,0x801b
00037250: ac22c560 sw r2,-0x3aa0(r1)				
00037254: 0800dcdc j 0x00037370
00037258: 00000000 nop							}
												else
												{
0x0003725c: 8e020028 lw r2,0x0028(r16)				
00037260: 00000000 nop
00037264: 1040000a beq r2,r0,0x00037290				if (entity[28] != 0)
00037268: 00000000 nop								{
0003726c: ae0000b8 sw r0,0x00b8(r16)					entity.zforce = 0
00037270: ae0000c8 sw r0,0x00c8(r16)					entity.yforce = 0
00037274: ae0000c4 sw r0,0x00c4(r16)					entity.xforce = 0
00037278: ae0000e0 sw r0,0x00e0(r16)					entity.adjustedyforce = 0
0003727c: ae0000dc sw r0,0x00dc(r16)					entity.adjustedxforce = 0
00037280: ae0000ec sw r0,0x00ec(r16)					entity.finalzforce = 0
00037284: ae0000e8 sw r0,0x00e8(r16)					entity.finalyforce = 0
00037288: 0800dce4 j 0x00037390
0003728c: ae0000e4 sw r0,0x00e4(r16)					entity.finalxforce = 0
													}
0x00037290: 8e0200f8 lw r2,0x00f8(r16)				
00037294: 00000000 nop								if (entity.appliedzforce != 0)
00037298: 1040000f beq r2,r0,0x000372d8				{
0003729c: 3042ffff andi r2,r2,0xffff					if (entity.appliedzforce & 0xffff == r20
000372a0: 14540008 bne r2,r20,0x000372c4				
000372a4: 00000000 nop
000372a8: 8e02006c lw r2,0x006c(r16)						
000372ac: 00000000 nop
000372b0: 30420100 andi r2,r2,0x0100
000372b4: 14400003 bne r2,r0,0x000372c4						&& entity.gravityflags & 0x0100 == 0)
000372b8: 00000000 nop									{
000372bc: 0800dcce j 0x00037338								entity.zforce = entity.appliedzforce
000372c0: ae0000b8 sw r0,0x00b8(r16)					}
														else
0x000372c4: 8e0200f8 lw r2,0x00f8(r16)					{
000372c8: 00000000 nop										
000372cc: 00021200 sll r2,r2,0x08							
000372d0: 0800dcce j 0x00037338								entity.zforce = entity.appliedzforce << 8
000372d4: ae0200b8 sw r2,0x00b8(r16)					}
													}
0x000372d8: 8e02006c lw r2,0x006c(r16)				
000372dc: 00000000 nop
000372e0: 30420100 andi r2,r2,0x0100
000372e4: 10400014 beq r2,r0,0x00037338				if (entity.gravityflags & 0x0100 != 0)
000372e8: 00000000 nop								{
000372ec: 3c04801f lui r4,0x801f
000372f0: 8c84fe10 lw r4,-0x01f0(r4)					
000372f4: 00000000 nop
000372f8: 94820004 lhu r2,0x0004(r4)					r2 = 1efe10[4] //gravity
000372fc: 8e0300b8 lw r3,0x00b8(r16)					r3 = entity.zforce
00037300: 00021200 sll r2,r2,0x08						r2 = r2 << 8
00037304: 00621823 subu r3,r3,r2						r3 = r3 - r2
00037308: 94820006 lhu r2,0x0006(r4)					r2 = 1efe10[6] //terminal velocity
0003730c: 04610002 bgez r3,0x00037318					r4 = r3
00037310: 00602021 addu r4,r3,r0						if (r3 < 0)
00037314: 00042023 subu r4,r0,r4							r4 = -r4
														
0x00037318: 00022a00 sll r5,r2,0x08						r5 = r2 << 8
0003731c: 00a4102a slt r2,r5,r4							
00037320: 10400004 beq r2,r0,0x00037334					if (r5 < r4) //if zforce greater than terminal velocity
00037324: 00000000 nop									{
00037328: 1c600002 bgtz r3,0x00037334						r3 = r5
0003732c: 00a01821 addu r3,r5,r0							if (r3 < 0) //if zforce less than zero
00037330: 00051823 subu r3,r0,r5								r3 = -5
														}
0x00037334: ae0300b8 sw r3,0x00b8(r16)					entity.zforce = r3
													}
0x00037338: 0c00db69 jal 0x00036da4					
0003733c: 02002021 addu r4,r16,r0					setxyforces(entity)
00037340: 8e0400c4 lw r4,0x00c4(r16)				
00037344: 8e0500bc lw r5,0x00bc(r16)				
00037348: 8e0600d4 lw r6,0x00d4(r16)				
0003734c: 0c00dbd9 jal 0x00036f64					entity.xforce = incrementforce(entity.xforce, entity.targetxforce, entity.xforcestep)
00037350: 00000000 nop
00037354: 8e0400c8 lw r4,0x00c8(r16)				
00037358: 8e0500c0 lw r5,0x00c0(r16)				
0003735c: 8e0600d8 lw r6,0x00d8(r16)				
00037360: 0c00dbd9 jal 0x00036f64					
00037364: ae0200c4 sw r2,0x00c4(r16)				entity.yforce = incrementforce(entity.yforce, entity.targetyforce, entity.yforcestep)
00037368: 02002021 addu r4,r16,r0					
0003736c: ae0200c8 sw r2,0x00c8(r16)				
												}
0x00037370: 0c00dba2 jal 0x00036e88				setadjustedxyforces( entity )
00037374: 00000000 nop
00037378: 8e0200dc lw r2,0x00dc(r16)			
0003737c: 8e0300e0 lw r3,0x00e0(r16)			
00037380: 8e0400b8 lw r4,0x00b8(r16)			
00037384: ae0200e4 sw r2,0x00e4(r16)			entity.finalxforce = entity.adjustedxforce
00037388: ae0300e8 sw r3,0x00e8(r16)			entity.finalyforce = entity.adjustedyforce
0003738c: ae0400ec sw r4,0x00ec(r16)			entity.finalzforce = entity.zforce

0x00037390: 3c028014 lui r2,0x8014
00037394: 8c42d5c8 lw r2,-0x2a38(r2)
00037398: 26730001 addiu r19,r19,0x0001
0003739c: 0262102a slt r2,r19,r2
000373a0: 1440ff0b bne r2,r0,0x00036fd0		
000373a4: 00131080 sll r2,r19,0x02			} // entity loop
000373a8: 8fbf0034 lw r31,0x0034(r29)
000373ac: 8fb40030 lw r20,0x0030(r29)
000373b0: 8fb3002c lw r19,0x002c(r29)
000373b4: 8fb20028 lw r18,0x0028(r29)
000373b8: 8fb10024 lw r17,0x0024(r29)
000373bc: 8fb00020 lw r16,0x0020(r29)
000373c0: 27bd0038 addiu r29,r29,0x0038
000373c4: 03e00008 jr r31				}



entity vars

28
6c	gravityflags

b8	zforce
bc	targetxforce
c0	targetyforce
c4	xforce
c8	yforce
d4	xforcestep
d8	yforcestep
dc	adjustedxforce
e0	adjustedyforce
e4	finalxforce	
e8	finalyforce	
ec	finalzforce	

f8	appliedzforce

180

