00036c54: 4c444444 illegal				void setridingentities()
00036c58: 3c048014 lui r4,0x8014		{
00036c5c: 8c840e10 lw r4,0x0e10(r4)
00036c60: 00000000 nop						if (numentities <= 0)
00036c64: 1880004c blez r4,0x00036d98			return
00036c68: 00005021 addu r10,r0,r0			
00036c6c: 3c0b8014 lui r11,0x8014
00036c70: 256b9f00 addiu r11,r11,0x9f00
00036c74: 0160c021 addu r24,r11,r0

0x00036c78: 8d660000 lw r6,0x0000(r11)		foreach(var entity in tocollidelist)
00036c7c: 00000000 nop						{
00036c80: 8cc2006c lw r2,0x006c(r6)				
00036c84: 24030100 addiu r3,r0,0x0100
00036c88: 30424100 andi r2,r2,0x4100
00036c8c: 1443003c bne r2,r3,0x00036d80			if (entity.gravityflags & 0x4100 != 0x0100)
00036c90: 00000000 nop								continue;
00036c94: 8cc901d8 lw r9,0x01d8(r6)				
00036c98: 8cc301f0 lw r3,0x01f0(r6)				
00036c9c: 8cc801dc lw r8,0x01dc(r6)				
00036ca0: 8cc201f4 lw r2,0x01f4(r6)				
00036ca4: 8ccf01e0 lw r15,0x01e0(r6)			
00036ca8: 18800035 blez r4,0x00036d80			if (numentities <= 0)
00036cac: 00002821 addu r5,r0,r0					continue
00036cb0: 246e0001 addiu r14,r3,0x0001			
00036cb4: 244d0001 addiu r13,r2,0x0001			//depth + 1
00036cb8: 3c0c8014 lui r12,0x8014
00036cbc: 8d8c0e10 lw r12,0x0e10(r12)
00036cc0: 03003821 addu r7,r24,r0

0x00036cc4: 1145002a beq r10,r5,0x00036d70		foreach(var entity2 in tocollidelist)
00036cc8: 00000000 nop							{
00036ccc: 8ce40000 lw r4,0x0000(r7)					if (entity == entity2)
00036cd0: 00000000 nop									continue
00036cd4: 8c8201e0 lw r2,0x01e0(r4)					
00036cd8: 8c8301f8 lw r3,0x01f8(r4)					
00036cdc: 00000000 nop
00036ce0: 00431021 addu r2,r2,r3					
00036ce4: 24420001 addiu r2,r2,0x0001				//if entity is on top of entity2
00036ce8: 144f0021 bne r2,r15,0x00036d70			if (entity.adjustedzpos != entity2.adjustedzpos + height + 1)
00036cec: 00000000 nop									continue
00036cf0: 8c8301d8 lw r3,0x01d8(r4)					
00036cf4: 00000000 nop								
													//the following is a huge mess but it basically says
													if ((entity2.adjustedxpos - entity.adjustedxpos >= 0 && entity2.adjustedxpos - entity.adjustedxpos < entity.width + 1) || (entity2.adjustxpos - entity.adjustedxpos < 0 && entity.adjustedxpos - entity2.adjustedxpos  < entity2.width + 1))
													{
														if ((entity2.adjustedypos - entity.adjustedypos >= 0 && entity2.adjustedypos - entity.adjustedypos < entity.depth + 1)
														{
															entity.ridingentity = entity2;
															break;
														}
														else if (entity2.adjustedypos - entity.adjustedypos < 0 entity.adjustedypos - entity2.adjustedypos < entity2.depth + 1)
														{
															entity.ridingentity = entity2;
															break;
														}
													}
													
00036cf8: 00691023 subu r2,r3,r9					//entity2.adjustedxpos - entity.adjustedxpos < 0
00036cfc: 04400005 bltz r2,0x00036d14				
00036d00: 004e102a slt r2,r2,r14
00036d04: 14400009 bne r2,r0,0x00036d2c				//entity2.adjustedxpos - entity.adjustedxpos < entity.width + 1
00036d08: 00000000 nop
00036d0c: 0800db5d j 0x00036d74						//continue
00036d10: 24a50001 addiu r5,r5,0x0001
													
0x00036d14: 8c8201f0 lw r2,0x01f0(r4)				{	
00036d18: 01231823 subu r3,r9,r3						
00036d1c: 24420001 addiu r2,r2,0x0001					
00036d20: 0062182a slt r3,r3,r2
00036d24: 10600012 beq r3,r0,0x00036d70					if (entity.adjustedxpos - entity2.adjustedxpos >= entity2.width + 1)
00036d28: 00000000 nop										continue
													}
0x00036d2c: 8c8301dc lw r3,0x01dc(r4)				{
00036d30: 00000000 nop
00036d34: 00681023 subu r2,r3,r8						
00036d38: 04400005 bltz r2,0x00036d50					//entity2.adjustedypos - entity.adjustedypos < 0
00036d3c: 004d102a slt r2,r2,r13
00036d40: 1040000b beq r2,r0,0x00036d70					//entity2.adjustedypos - entity.adjustedypos < entity.depth + 1
00036d44: 00000000 nop
00036d48: 0800db60 j 0x00036d80							entity.ridingentity = entity2
00036d4c: acc4012c sw r4,0x012c(r6)						break
													}
0x00036d50: 8c8201f4 lw r2,0x01f4(r4)				{
00036d54: 01031823 subu r3,r8,r3						
00036d58: 24420001 addiu r2,r2,0x0001					
00036d5c: 0062182a slt r3,r3,r2
00036d60: 10600003 beq r3,r0,0x00036d70					//entity.adjustedypos - entity2.adjustedypos >= entity2.depth + 1
00036d64: 00000000 nop
00036d68: 0800db60 j 0x00036d80							entity.ridingentity = entity2
00036d6c: acc4012c sw r4,0x012c(r6)						break
													}
0x00036d70: 24a50001 addiu r5,r5,0x0001

0x00036d74: 00ac102a slt r2,r5,r12
00036d78: 1440ffd2 bne r2,r0,0x00036cc4			}//entity2
00036d7c: 24e70004 addiu r7,r7,0x0004

0x00036d80: 3c048014 lui r4,0x8014
00036d84: 8c840e10 lw r4,0x0e10(r4)
00036d88: 254a0001 addiu r10,r10,0x0001
00036d8c: 0144102a slt r2,r10,r4
00036d90: 1440ffb9 bne r2,r0,0x00036c78		}//entity
00036d94: 256b0004 addiu r11,r11,0x0004		
00036d98: 27bd0010 addiu r29,r29,0x0010
00036d9c: 03e00008 jr r31				}


entity1 vars

6c
12c	ridingentity

1d8	adjustedxpos
1dc	adjustedypos
1e0	adjustedzpos
1f0	width
1f4	depth






entity2 vars

1d8	adjustedxpos
1dc	adjustedypos
1e0	adjustedzpos
1f0	width
1f4	depth
1f8	height

