00036e88: 00804821 addu r9,r4,r0		void setadjustedxyforces(entity)
00036e8c: 3c03801f lui r3,0x801f		{
00036e90: 8c63fe10 lw r3,-0x01f0(r3)		gamemap = 1efe10
00036e94: 8d220188 lw r2,0x0188(r9)			
00036e98: 8d2700cc lw r7,0x00cc(r9)			ccval = entity[cc]
00036e9c: 8d2800d0 lw r8,0x00d0(r9)			d0val = entity[d0]
00036ea0: 8d2500c4 lw r5,0x00c4(r9)			
00036ea4: 8d2400c8 lw r4,0x00c8(r9)			
00036ea8: 3042000f andi r2,r2,0x000f		
00036eac: 00021080 sll r2,r2,0x02			
00036eb0: 80660008 lb r6,0x0008(r3)			//gamemap[8]
00036eb4: 3c018003 lui r1,0x8003			
00036eb8: 00220821 addu r1,r1,r2
00036ebc: 8c238b38 lw r3,-0x74c8(r1)		
00036ec0: 3c018003 lui r1,0x8003
00036ec4: 00220821 addu r1,r1,r2
00036ec8: 8c228b78 lw r2,-0x7488(r1)		
00036ecc: ad2000d0 sw r0,0x00d0(r9)			entity[d0] = 0
00036ed0: ad2000cc sw r0,0x00cc(r9)			entity[cc] = 0
00036ed4: 00a32821 addu r5,r5,r3			xval = entity.xforce + 28b38[(entity[188] & f) << 2]
00036ed8: 00822021 addu r4,r4,r2			yval = entity.yforce + 28b78[(entity[188] & f) << 2]
00036edc: 00c52807 srav r5,r5,r6			xval = xval >> gamemap.gravity
00036ee0: 00c42007 srav r4,r4,r6			yval = yval >> gamemap.gravity
00036ee4: 00a72821 addu r5,r5,r7			xval = xval + ccval
00036ee8: 8d230114 lw r3,0x0114(r9)			
00036eec: 8d260108 lw r6,0x0108(r9)			
00036ef0: 00653821 addu r7,r3,r5			
00036ef4: 00e6102a slt r2,r7,r6				yval = yval + d0val
00036ef8: 14400006 bne r2,r0,0x00036f14		if ( xval + entity.xpos < entity.negxmod
00036efc: 00882021 addu r4,r4,r8			
00036f00: 8d2600fc lw r6,0x00fc(r9)			
00036f04: 00000000 nop
00036f08: 00c7102a slt r2,r6,r7
00036f0c: 10400004 beq r2,r0,0x00036f20		|| xval + entity.xpos < entity.screenclipx)
00036f10: 00000000 nop
											{
0x00036f14: 00c32823 subu r5,r6,r3				xval = (entity.negxmod,entity.screenclipx) - entity.xpos
00036f18: 24020001 addiu r2,r0,0x0001
00036f1c: ad22013c sw r2,0x013c(r9)				entity.forceadjusted = 1
											}
0x00036f20: 8d230118 lw r3,0x0118(r9)
00036f24: 8d26010c lw r6,0x010c(r9)
00036f28: 00643821 addu r7,r3,r4
00036f2c: 00e6102a slt r2,r7,r6
00036f30: 14400006 bne r2,r0,0x00036f4c		if (yval + entity.ypos < entity.negymod
00036f34: 00000000 nop
00036f38: 8d260100 lw r6,0x0100(r9)
00036f3c: 00000000 nop
00036f40: 00c7102a slt r2,r6,r7
00036f44: 10400004 beq r2,r0,0x00036f58		|| yval + entity.ypos < entity.screenclipy)
00036f48: 00000000 nop
											{
0x00036f4c: 00c32023 subu r4,r6,r3				yval = (entity.negymod,entity.screenclipy) - entity.ypos
00036f50: 24020001 addiu r2,r0,0x0001
00036f54: ad22013c sw r2,0x013c(r9)				entity.forceadjusted = 1
											}
0x00036f58: ad2500dc sw r5,0x00dc(r9)		entity.adjustedxforce = xval
00036f5c: 03e00008 jr r31					entity.adjustedyforce = yval
										}


entity vars

c4	xforce
c8	yforce
cc
d0

dc	adjustedxforce
e0	adjustedyforce

fc	screenclipx
100	screenclipy
108	negxmod
10c	negymod
114	xpos
118	ypos

13c forceadjusted

188




