00036da4: 4c444444 illegal				void setxyforces(entity)
00036da8: 8ca6009c lw r6,0x009c(r5)		{	//entity.animset
00036dac: 8ca200f4 lw r2,0x00f4(r5)			//entity[f4]  speed
00036db0: 94c30008 lhu r3,0x0008(r6)		//entity.animset.speed
00036db4: 8ca7008c lw r7,0x008c(r5)			//entity[8c] targetdir
00036db8: 14430005 bne r2,r3,0x00036dd0		if (entity.speed != entity.animset.speed
00036dbc: 00000000 nop						
00036dc0: 8ca20094 lw r2,0x0094(r5)
00036dc4: 00000000 nop
00036dc8: 10470017 beq r2,r7,0x00036e28			||  entity.targetdir != entity.dir
00036dcc: 00000000 nop						)
											{
0x00036dd0: 00072040 sll r4,r7,0x01
00036dd4: aca300f4 sw r3,0x00f4(r5)				entity.speed = entity.animset.speed
00036dd8: 3c018002 lui r1,0x8002
00036ddc: 00240821 addu r1,r1,r4
00036de0: 84233654 lh r3,0x3654(r1)
00036de4: 94c20008 lhu r2,0x0008(r6)
00036de8: 00000000 nop
00036dec: 00620018 mult r3,r2
00036df0: 3c018002 lui r1,0x8002
00036df4: 00240821 addu r1,r1,r4
00036df8: 84233694 lh r3,0x3694(r1)
00036dfc: 00004012 mflo r8
00036e00: aca800bc sw r8,0x00bc(r5)				entity.targetxforce = dirvectorsx[entity.targetdir] * entity.animset.speed
00036e04: 94c20008 lhu r2,0x0008(r6)
00036e08: 00000000 nop
00036e0c: 00620018 mult r3,r2
00036e10: aca70094 sw r7,0x0094(r5)				entity.dir = entity.targetdir
00036e14: 00004012 mflo r8
00036e18: aca800c0 sw r8,0x00c0(r5)				entity.targetyforce = dirvectorsy[entity.targetdir] * entity.animset.speed
00036e1c: 90c2000d lbu r2,0x000d(r6)
00036e20: 0800db8f j 0x00036e3c					//r6 = entity.animset.acceleration & 0xf
00036e24: 3046000f andi r6,r2,0x000f		}
											else
0x00036e28: 90c2000d lbu r2,0x000d(r6)		{
00036e2c: 8ca300f0 lw r3,0x00f0(r5)
00036e30: 3046000f andi r6,r2,0x000f			//r6 = entity.animset.acceleration & 0xf
00036e34: 10660012 beq r3,r6,0x00036e80			if (entity.acceleration == entity.animset.acceleration & 0xf) return
00036e38: 00000000 nop						}

0x00036e3c: 8ca300bc lw r3,0x00bc(r5)		//entity.targetxforce
00036e40: 8ca200c4 lw r2,0x00c4(r5)			//entity.xforce
00036e44: 8ca400c8 lw r4,0x00c8(r5)			//entity.yforce
00036e48: aca600f0 sw r6,0x00f0(r5)			entity.acceleration = entity.animset.acceleration & 0xf
00036e4c: 00621823 subu r3,r3,r2
00036e50: 04610002 bgez r3,0x00036e5c
00036e54: 00000000 nop
00036e58: 00031823 subu r3,r0,r3

0x00036e5c: 8ca200c0 lw r2,0x00c0(r5)		//entity.targetyforce
00036e60: 00c31807 srav r3,r3,r6
00036e64: aca300d4 sw r3,0x00d4(r5)			entity.xforcestep = abs(entity.targetxforce - entity.xforce) >> entity.animset.acceleration & 0xf
00036e68: 00441023 subu r2,r2,r4
00036e6c: 04410002 bgez r2,0x00036e78
00036e70: 00000000 nop
00036e74: 00021023 subu r2,r0,r2

0x00036e78: 00c21007 srav r2,r2,r6
00036e7c: aca200d8 sw r2,0x00d8(r5)			entity.yforcestep = abs(entity.targetyforce - entity.yforce) >> entity.animset.acceleration & 0xf

0x00036e80: 03e00008 jr r31
										}
										
entity vars

8c	targetdir
94	dir
9c	animeset
bc	targetxforce
c0	targetyforce
c4	xforce
c8	yforce
d4	xforcestep
d8	yforcestep
f0	acceleration
f4	speed