00038b68: 4c444444 illegal
00038b6c: 8d08d5c8 lw r8,-0x2a38(r8)
00038b70: 27bdffc0 addiu r29,r29,0xffc0
00038b74: afb00030 sw r16,0x0030(r29)
00038b78: 00008021 addu r16,r0,r0
00038b7c: afbf0038 sw r31,0x0038(r29)
00038b80: 19000017 blez r8,0x00038be0		if (numentities > 0)
00038b84: afb10034 sw r17,0x0034(r29)		{
00038b88: 3c078014 lui r7,0x8014
00038b8c: 24e79df8 addiu r7,r7,0x9df8

0x00038b90: 8ce60000 lw r6,0x0000(r7)			foreach(var entity in entities)
00038b94: 24e70004 addiu r7,r7,0x0004			{
00038b98: 8cc20114 lw r2,0x0114(r6)					
00038b9c: 8cc301e4 lw r3,0x01e4(r6)					
00038ba0: 8cc401e8 lw r4,0x01e8(r6)					
00038ba4: 8cc501ec lw r5,0x01ec(r6)					
00038ba8: 26100001 addiu r16,r16,0x0001
00038bac: acc00168 sw r0,0x0168(r6)					entity.donemoving = 0
00038bb0: acc00140 sw r0,0x0140(r6)					entity[140] = 0
00038bb4: acc0013c sw r0,0x013c(r6)					entity.forceadjusted = 0
00038bb8: 00431021 addu r2,r2,r3
00038bbc: acc201d8 sw r2,0x01d8(r6)					entity.adjustedxpos = entity.xpos + entity.xmod
00038bc0: 8cc20118 lw r2,0x0118(r6)					
00038bc4: 8cc3011c lw r3,0x011c(r6)					
00038bc8: 00441021 addu r2,r2,r4
00038bcc: 00651821 addu r3,r3,r5
00038bd0: acc201dc sw r2,0x01dc(r6)					entity.adjustedypos = entity.ypos + entity.ymod
00038bd4: 0208102a slt r2,r16,r8
00038bd8: 1440ffed bne r2,r0,0x00038b90				entity.adjustedzpos = entity.zpos + entity.zmod
00038bdc: acc301e0 sw r3,0x01e0(r6)				}
											}
0x00038be0: 0c00db15 jal 0x00036c54			setridingentities()//set which other entity that entities are riding on (platforms etc)
00038be4: 00008021 addu r16,r0,r0
00038be8: 0c00dbe7 jal 0x00036f9c			updateforces()//set the movement forces
00038bec: 00000000 nop
00038bf0: 3c028014 lui r2,0x8014
00038bf4: 8c420e10 lw r2,0x0e10(r2)
00038bf8: 00000000 nop
00038bfc: 18400011 blez r2,0x00038c44		if (numentities > 0)
00038c00: 00000000 nop						{
00038c04: 3c118014 lui r17,0x8014
00038c08: 26319f00 addiu r17,r17,0x9f00

0x00038c0c: 8e260000 lw r6,0x0000(r17)			foreach(var entity in entities)
00038c10: 00000000 nop							{
00038c14: 8cc5012c lw r5,0x012c(r6)					
00038c18: 00000000 nop
00038c1c: 10a00003 beq r5,r0,0x00038c2c				if (entity.ridingentity != null)
00038c20: 00000000 nop								{
00038c24: 0c00ded3 jal 0x00037b4c						37b4c(entity)//update entities which are riding on other entities (platforms etc)
00038c28: 00c02021 addu r4,r6,r0					}

0x00038c2c: 3c028014 lui r2,0x8014
00038c30: 8c420e10 lw r2,0x0e10(r2)
00038c34: 26100001 addiu r16,r16,0x0001
00038c38: 0202102a slt r2,r16,r2
00038c3c: 1440fff3 bne r2,r0,0x00038c0c
00038c40: 26310004 addiu r17,r17,0x0004			}
											}
0x00038c44: 3c028014 lui r2,0x8014
00038c48: 8c42d5c8 lw r2,-0x2a38(r2)
00038c4c: 00000000 nop
00038c50: 18400013 blez r2,0x00038ca0		if (numentities > 0)
00038c54: 00008021 addu r16,r0,r0			{
00038c58: 3c118014 lui r17,0x8014
00038c5c: 26319df8 addiu r17,r17,0x9df8

0x00038c60: 8e260000 lw r6,0x0000(r17)			foreach(var entity in entities)
00038c64: 00000000 nop							{
00038c68: 8cc20168 lw r2,0x0168(r6)					
00038c6c: 00000000 nop
00038c70: 14400003 bne r2,r0,0x00038c80				if (!entity.donemoving)
00038c74: 00000000 nop								{
00038c78: 0c00e18b jal 0x0003862c						3862c(entity)//update entity movement
00038c7c: 00c02021 addu r4,r6,r0					}

0x00038c80: 3c028014 lui r2,0x8014
00038c84: 8c42d5c8 lw r2,-0x2a38(r2)
00038c88: 26100001 addiu r16,r16,0x0001
00038c8c: 0202102a slt r2,r16,r2
00038c90: 1440fff3 bne r2,r0,0x00038c60		
00038c94: 26310004 addiu r17,r17,0x0004			}
00038c98: 3c028014 lui r2,0x8014
00038c9c: 8c42d5c8 lw r2,-0x2a38(r2)
											}
0x00038ca0: 00000000 nop
00038ca4: 1840000c blez r2,0x00038cd8		if (numentities > 0)
00038ca8: 00008021 addu r16,r0,r0			{
00038cac: 3c118014 lui r17,0x8014
00038cb0: 26319df8 addiu r17,r17,0x9df8

0x00038cb4: 8e240000 lw r4,0x0000(r17)			foreach(var entity in entities)
00038cb8: 0c00e21b jal 0x0003886c				{
00038cbc: 26310004 addiu r17,r17,0x0004				updatetile(entity)//?
00038cc0: 3c028014 lui r2,0x8014
00038cc4: 8c42d5c8 lw r2,-0x2a38(r2)
00038cc8: 26100001 addiu r16,r16,0x0001
00038ccc: 0202102a slt r2,r16,r2
00038cd0: 1440fff8 bne r2,r0,0x00038cb4
00038cd4: 00000000 nop							}

0x00038cd8: 8fbf0038 lw r31,0x0038(r29)		}
00038cdc: 8fb10034 lw r17,0x0034(r29)
00038ce0: 8fb00030 lw r16,0x0030(r29)
00038ce4: 27bd0040 addiu r29,r29,0x0040
00038ce8: 03e00008 jr r31


entity vars

168	donemoving
140
13c forceadjusted

114	xpos
118	ypos
11c	zpos

12c	ridingentity

1d8	adjustedxpos
1dc	adjustedypos
1e0	adjustedzpos
1e4	xmod
1e8	ymod
1ec	zmod
