twoway
0003886c: 4c444444 illegal
00038870: afb00020 sw r16,0x0020(r29)
00038874: 00808021 addu r16,r4,r0
00038878: afbf0024 sw r31,0x0024(r29)
0003887c: 8e0201d4 lw r2,0x01d4(r16)	
00038880: 00000000 nop
00038884: 1040000d beq r2,r0,0x000388bc			if (entity[1d4] != 0)
00038888: 00000000 nop							{
fallthrough
0003888c: 8e020114 lw r2,0x0114(r16)				
00038890: 8e030208 lw r3,0x0208(r16)				
00038894: 8e04020c lw r4,0x020c(r16)				
00038898: 8e050210 lw r5,0x0210(r16)				
0003889c: 00431021 addu r2,r2,r3
000388a0: ae0201fc sw r2,0x01fc(r16)				entity[1fc] = entity.xpos + entity[208]
000388a4: 8e020118 lw r2,0x0118(r16)				
000388a8: 8e03011c lw r3,0x011c(r16)				
000388ac: 00441021 addu r2,r2,r4
000388b0: 00651821 addu r3,r3,r5
000388b4: ae020200 sw r2,0x0200(r16)				entity[200] = entity.ypos + entity[20c]
000388b8: ae030204 sw r3,0x0204(r16)				entity[204] = entity.zpos + entity[210]
												}
call
0x000388bc: 86020116 lh r2,0x0116(r16)	
000388c0: 8e03011c lw r3,0x011c(r16)	
000388c4: 00021040 sll r2,r2,0x01
000388c8: 3c018013 lui r1,0x8013
000388cc: 00220821 addu r1,r1,r2
000388d0: 84247730 lh r4,0x7730(r1)				//137730
000388d4: 8e020118 lw r2,0x0118(r16)	
000388d8: 00031d03 sra r3,r3,0x14
000388dc: ae030128 sw r3,0x0128(r16)			entity.ztile = entity.zpos >> 20
000388e0: 00021503 sra r2,r2,0x14
000388e4: ae040120 sw r4,0x0120(r16)			entity.xtile = division table lookup with entity.xpos  & 0xffff
000388e8: 02002021 addu r4,r16,r0
000388ec: 0c00e1c9 jal 0x00038724
000388f0: ae020124 sw r2,0x0124(r16)			entity.ytile = entity.ypos >> 20
fallthrough										var hity = calcytile(entity)
000388f4: 8e03011c lw r3,0x011c(r16)			//zpos
000388f8: ae020134 sw r2,0x0134(r16)			entity.ycollision? = hity
000388fc: 0043102a slt r2,r2,r3			
00038900: 8e03006c lw r3,0x006c(r16)	
00038904: 38420001 xori r2,r2,0x0001	
00038908: 30630100 andi r3,r3,0x0100	
0003890c: 1060005a beq r3,r0,0x00038a78			
00038910: ae020144 sw r2,0x0144(r16)			entity[144] = hity < entity.zpos ? 0 : 1
												if (entity.gravityflags & 0x0100 != 0) {
00038914: 24090e00 addiu r9,r0,0x0e00				tohit = 0x0e00
00038918: 00004021 addu r8,r0,r0					
0003891c: 27a70010 addiu r7,r29,0x0010				//somevariable
00038920: 02003021 addu r6,r16,r0

twoway												for (int dex = 0;dex<4;dex++) {
0x00038924: 8cc20158 lw r2,0x0158(r6)	
00038928: 00000000 nop
0003892c: 24440001 addiu r4,r2,0x0001	
00038930: 8cc20148 lw r2,0x0148(r6)		
00038934: 8e0301e0 lw r3,0x01e0(r16)	
00038938: 8c450000 lw r5,0x0000(r2)
0003893c: 14830006 bne r4,r3,0x00038958					if (entity.mapheight[dex] + 1 == entity.adjustedzpos) {
00038940: 30a30e00 andi r3,r5,0x0e00						
oneway
00038944: 0069102a slt r2,r3,r9
00038948: 10400005 beq r2,r0,0x00038960						if (entity.maptile[dex].firstval & 0x0e00 < tohit) {
0003894c: ace50000 sw r5,0x0000(r7)								somevariable = entity.maptile[dex].firstval
00038950: 0800e258 j 0x00038960								
00038954: 00604821 addu r9,r3,r0								tohit = entity.maptile[dex].firstval & 0x0e00
															}
														}
fallthrough												else {
0x00038958: ace00000 sw r0,0x0000(r7)						somevariable=0
0003895c: 00004821 addu r9,r0,r0							tohit = 0
														}
twoway
0x00038960: 24e70004 addiu r7,r7,0x0004
00038964: 25080001 addiu r8,r8,0x0001
00038968: 29020004 slti r2,r8,0x0004
0003896c: 1440ffed bne r2,r0,0x00038924
00038970: 24c60004 addiu r6,r6,0x0004				}
twoway
00038974: 8fa20010 lw r2,0x0010(r29)	//somevariable
00038978: 8fa30014 lw r3,0x0014(r29)	//someothervariable
0003897c: 00000000 nop
00038980: 00431025 or r2,r2,r3
00038984: 8fa30018 lw r3,0x0018(r29)
00038988: 8fa4001c lw r4,0x001c(r29)
0003898c: 00431025 or r2,r2,r3
00038990: 00441025 or r2,r2,r4
00038994: ae020180 sw r2,0x0180(r16)	//180
00038998: 8fa20010 lw r2,0x0010(r29)
0003899c: 8fa30014 lw r3,0x0014(r29)
000389a0: 8fa40018 lw r4,0x0018(r29)
000389a4: 00431024 and r2,r2,r3
000389a8: 00441024 and r2,r2,r4
000389ac: 8fa3001c lw r3,0x001c(r29)
000389b0: 8e040120 lw r4,0x0120(r16)	//entity.xtile
000389b4: 00431024 and r2,r2,r3
000389b8: 18800006 blez r4,0x000389d4
000389bc: ae020184 sw r2,0x0184(r16)	//184
twoway
000389c0: 28820034 slti r2,r4,0x0034
000389c4: 14400004 bne r2,r0,0x000389d8
000389c8: 00000000 nop
oneway
000389cc: 0800e276 j 0x000389d8
000389d0: 24040033 addiu r4,r0,0x0033

fallthrough
0x000389d4: 00002021 addu r4,r0,r0

twoway
0x000389d8: 8e020124 lw r2,0x0124(r16)	//entity.ytile
000389dc: 00000000 nop
000389e0: 18400006 blez r2,0x000389fc
000389e4: 00401821 addu r3,r2,r0
twoway
000389e8: 2862003c slti r2,r3,0x003c
000389ec: 14400004 bne r2,r0,0x00038a00
000389f0: 00000000 nop
oneway
000389f4: 0800e280 j 0x00038a00
000389f8: 2403003b addiu r3,r0,0x003b

fallthrough
0x000389fc: 00001821 addu r3,r0,r0

twoway
0x00038a00: 000420c0 sll r4,r4,0x03
00038a04: 00031040 sll r2,r3,0x01
00038a08: 00431021 addu r2,r2,r3
00038a0c: 00021080 sll r2,r2,0x02
00038a10: 00431021 addu r2,r2,r3
00038a14: 3c03801b lui r3,0x801b
00038a18: 8c63c464 lw r3,-0x3b9c(r3)
00038a1c: 00021140 sll r2,r2,0x05
00038a20: 00431021 addu r2,r2,r3
00038a24: 00822021 addu r4,r4,r2
00038a28: 3c02ff00 lui r2,0xff00
00038a2c: 8c850604 lw r5,0x0604(r4)
00038a30: 8e0301e0 lw r3,0x01e0(r16)	//entity.adjustedzpos
00038a34: 00a21024 and r2,r5,r2
00038a38: 00021102 srl r2,r2,0x04
00038a3c: 24440001 addiu r4,r2,0x0001
00038a40: 00831826 xor r3,r4,r3
00038a44: 3c0200c0 lui r2,0x00c0
00038a48: 00a21024 and r2,r5,r2
00038a4c: 1040003c beq r2,r0,0x00038b40
00038a50: 2c640001 sltiu r4,r3,0x0001
twoway
00038a54: 10800006 beq r4,r0,0x00038a70
00038a58: 3c020004 lui r2,0x0004

twoway
0x00038a5c: 00a21024 and r2,r5,r2
00038a60: 1440002d bne r2,r0,0x00038b18
00038a64: 00051502 srl r2,r5,0x14
oneway
00038a68: 0800e2d1 j 0x00038b44
00038a6c: ae000188 sw r0,0x0188(r16)	//188

oneway
0x00038a70: 0800e297 j 0x00038a5c
00038a74: 3c020008 lui r2,0x0008

twoway
0x00038a78: 8e020120 lw r2,0x0120(r16)	//entity.xtile
00038a7c: 00004821 addu r9,r0,r0
00038a80: ae000180 sw r0,0x0180(r16)	//180
00038a84: 18400007 blez r2,0x00038aa4
00038a88: ae000184 sw r0,0x0184(r16)	//184
twoway
00038a8c: 00402021 addu r4,r2,r0
00038a90: 28820034 slti r2,r4,0x0034
00038a94: 14400004 bne r2,r0,0x00038aa8
00038a98: 00000000 nop
oneway
00038a9c: 0800e2aa j 0x00038aa8
00038aa0: 24040033 addiu r4,r0,0x0033

fallthrough
0x00038aa4: 00002021 addu r4,r0,r0

twoway
0x00038aa8: 8e020124 lw r2,0x0124(r16)	//entity.ytile
00038aac: 00000000 nop
00038ab0: 18400006 blez r2,0x00038acc
00038ab4: 00401821 addu r3,r2,r0
twoway
00038ab8: 2862003c slti r2,r3,0x003c
00038abc: 14400004 bne r2,r0,0x00038ad0
00038ac0: 00000000 nop
oneway
00038ac4: 0800e2b4 j 0x00038ad0
00038ac8: 2403003b addiu r3,r0,0x003b

fallthrough
0x00038acc: 00001821 addu r3,r0,r0

twoway
0x00038ad0: 000420c0 sll r4,r4,0x03
00038ad4: 00031040 sll r2,r3,0x01
00038ad8: 00431021 addu r2,r2,r3
00038adc: 00021080 sll r2,r2,0x02
00038ae0: 00431021 addu r2,r2,r3
00038ae4: 3c03801b lui r3,0x801b
00038ae8: 8c63c464 lw r3,-0x3b9c(r3)
00038aec: 00021140 sll r2,r2,0x05
00038af0: 00431021 addu r2,r2,r3
00038af4: 00822021 addu r4,r4,r2
00038af8: 8c850604 lw r5,0x0604(r4)
00038afc: 3c0200c0 lui r2,0x00c0
00038b00: 00a21024 and r2,r5,r2
00038b04: 1040000e beq r2,r0,0x00038b40
00038b08: 3c020008 lui r2,0x0008
twoway
00038b0c: 00a21024 and r2,r5,r2
00038b10: 1040000b beq r2,r0,0x00038b40
00038b14: 00051502 srl r2,r5,0x14

twoway
0x00038b18: 30420003 andi r2,r2,0x0003
00038b1c: 24030001 addiu r3,r0,0x0001
00038b20: 00431804 sllv r3,r3,r2
00038b24: 3c020080 lui r2,0x0080
00038b28: 00a21024 and r2,r5,r2
00038b2c: 10400005 beq r2,r0,0x00038b44
00038b30: ae030188 sw r3,0x0188(r16)	//188
fallthrough
00038b34: 34620080 ori r2,r3,0x0080
oneway
00038b38: 0800e2d1 j 0x00038b44
00038b3c: ae020188 sw r2,0x0188(r16)	//188

fallthrough
0x00038b40: ae000188 sw r0,0x0188(r16)	//188

return
0x00038b44: 8e03018c lw r3,0x018c(r16)	//18c
00038b48: 00091243 sra r2,r9,0x09
00038b4c: ae02018c sw r2,0x018c(r16)	//18c
00038b50: ae030190 sw r3,0x0190(r16)	//190
00038b54: 8fbf0024 lw r31,0x0024(r29)
00038b58: 8fb00020 lw r16,0x0020(r29)
00038b5c: 27bd0028 addiu r29,r29,0x0028
00038b60: 03e00008 jr r31
